<?xml version="1.0" encoding="UTF-8"?>
<!-- Generated by org.testng.reporters.JUnitReportReporter -->
<testsuite skipped="0" hostname="DESKTOP-OLLH2D4" name="setting.login" tests="2" failures="0" timestamp="2022-09-25T11:40:07 IST" time="24.809" errors="0">
  <testcase name="loginvalidation" time="22.375" classname="setting.login"/>
  <system-out/>
  <testcase name="loginvalidation" time="2.434" classname="setting.login"/>
  <system-out/>
</testsuite> <!-- setting.login -->
