<?xml version="1.0" encoding="UTF-8"?>
<!-- Generated by org.testng.reporters.JUnitReportReporter -->
<testsuite skipped="0" hostname="DESKTOP-OLLH2D4" name="setting.DashBoardPage_01" tests="1" failures="0" timestamp="2022-09-25T15:48:39 IST" time="0.467" errors="0">
  <testcase name="Dashboard_Test1" time="0.467" classname="setting.DashBoardPage_01"/>
  <system-out/>
</testsuite> <!-- setting.DashBoardPage_01 -->
