<?xml version="1.0" encoding="UTF-8"?>
<!-- Generated by org.testng.reporters.JUnitReportReporter -->
<testsuite hostname="DESKTOP-OLLH2D4" failures="0" tests="2" name="setting.DashboardPage" time="6.874" errors="0" timestamp="2022-01-23T20:57:40 IST" skipped="0">
  <testcase classname="setting.DashboardPage" name="loginvalidation" time="6.542"/>
  <system-out/>
  <testcase classname="setting.DashboardPage" name="Dashboard_Test1" time="0.332"/>
  <system-out/>
</testsuite> <!-- setting.DashboardPage -->
