<?xml version="1.0" encoding="UTF-8"?>
<!-- Generated by org.testng.reporters.JUnitReportReporter -->
<testsuite hostname="DESKTOP-OLLH2D4" failures="0" tests="1" name="setting.login" time="20.507" errors="0" timestamp="2022-01-05T22:07:04 IST" skipped="0">
  <testcase classname="setting.login" name="loginvalidation" time="20.507"/>
  <system-out/>
</testsuite> <!-- setting.login -->
