<?xml version="1.0" encoding="UTF-8"?>
<!-- Generated by org.testng.reporters.JUnitReportReporter -->
<testsuite skipped="0" hostname="DESKTOP-OLLH2D4" name="setting.DashboardPage" tests="1" failures="0" timestamp="2022-09-13T21:20:34 IST" time="0.165" errors="0">
  <testcase name="Dashboard_Test1" time="0.165" classname="setting.DashboardPage"/>
  <system-out/>
</testsuite> <!-- setting.DashboardPage -->
