<?xml version="1.0" encoding="UTF-8"?>
<!-- Generated by org.testng.reporters.JUnitReportReporter -->
<testsuite skipped="0" hostname="DESKTOP-OLLH2D4" name="setting.login" tests="2" failures="0" timestamp="2022-09-13T21:20:34 IST" time="10.199" errors="0">
  <testcase name="loginvalidation" time="3.533" classname="setting.login"/>
  <system-out/>
  <testcase name="loginvalidation" time="6.666" classname="setting.login"/>
  <system-out/>
</testsuite> <!-- setting.login -->
