<?xml version="1.0" encoding="UTF-8"?>
<!-- Generated by org.testng.reporters.JUnitReportReporter -->
<testsuite skipped="0" hostname="DESKTOP-OLLH2D4" name="setting.DashBoardPage_01" tests="1" failures="0" timestamp="2022-09-25T11:40:07 IST" time="10.058" errors="0">
  <testcase name="Dashboard_Test1" time="10.058" classname="setting.DashBoardPage_01"/>
  <system-out/>
</testsuite> <!-- setting.DashBoardPage_01 -->
